<?xml version="1.0" encoding="UTF-8"?>
<!-- Generated by org.testng.reporters.JUnitXMLReporter -->
<testsuite ignored="1" hostname="MIKEY-MAC-095" failures="0" tests="2" name="Car Loan" time="0.035" errors="0" timestamp="2023-04-30T22:05:31 EDT">
  <testcase classname="Test.day4" name="LoginAPIHomeLoan" time="0.005"/>
  <testcase classname="Test.day4" name="WebloginHomeLoan" time="0.002"/>
  <testcase classname="Test.day4" name="MobileLoginHomeLoan" time="0.0">
    <ignored/>
  </testcase> <!-- MobileLoginHomeLoan -->
</testsuite> <!-- Car Loan -->
