<?xml version="1.0" encoding="UTF-8"?>
<!-- Generated by org.testng.reporters.JUnitXMLReporter -->
<testsuite ignored="4" hostname="MIKEY-MAC-095" failures="0" tests="5" name="Regression" time="0.057" errors="0" timestamp="2023-04-30T18:32:57 EDT">
  <testcase classname="Test.Day1" name="test2" time="0.006"/>
  <testcase classname="Test.day3" name="LoginAPIcarLoan" time="0.001"/>
  <testcase classname="Test.day3" name="MobileLogincarLoan" time="0.002"/>
  <testcase classname="Test.day4" name="LoginAPIHomeLoan" time="0.001"/>
  <testcase classname="Test.day4" name="MobileLoginHomeLoan" time="0.001"/>
  <testcase classname="Test.day4" name="WebloginHomeLoan" time="0.0">
    <ignored/>
  </testcase> <!-- WebloginHomeLoan -->
  <testcase classname="Test.day2" name="test2" time="0.0">
    <ignored/>
  </testcase> <!-- test2 -->
  <testcase classname="Test.day3" name="WeblogincarLoan" time="0.0">
    <ignored/>
  </testcase> <!-- WeblogincarLoan -->
  <testcase classname="Test.Day1" name="priyank" time="0.0">
    <ignored/>
  </testcase> <!-- priyank -->
</testsuite> <!-- Regression -->
