<?xml version="1.0" encoding="UTF-8"?>
<testng-results ignored="3" total="10" passed="6" failed="1" skipped="0">
  <reporter-output>
  </reporter-output>
  <suite started-at="2023-04-30T22:05:30 EDT" name="Loan Department" finished-at="2023-04-30T22:05:31 EDT" duration-ms="49">
    <groups>
      <group name="Regression">
        <method signature="day2.test2()[pri:0, instance:Test.day2@6a01e23]" name="test2" class="Test.day2"/>
        <method signature="day3.WeblogincarLoan()[pri:0, instance:Test.day3@7995092a]" name="WeblogincarLoan" class="Test.day3"/>
        <method signature="day4.WebloginHomeLoan()[pri:0, instance:Test.day4@2f112965]" name="WebloginHomeLoan" class="Test.day4"/>
      </group> <!-- Regression -->
    </groups>
    <test started-at="2023-04-30T22:05:30 EDT" name="Car Loan" finished-at="2023-04-30T22:05:30 EDT" duration-ms="35">
      <class name="Test.day3">
        <test-method is-config="true" signature="verylasttest()[pri:0, instance:Test.day3@7995092a]" started-at="2023-04-30T22:05:31 EDT" name="verylasttest" finished-at="2023-04-30T22:05:31 EDT" duration-ms="0" status="PASS">
          <reporter-output>
          </reporter-output>
        </test-method> <!-- verylasttest -->
      </class> <!-- Test.day3 -->
      <class name="Test.day2">
        <test-method is-config="true" signature="veryfirsttest()[pri:0, instance:Test.day2@6a01e23]" started-at="2023-04-30T22:05:30 EDT" name="veryfirsttest" finished-at="2023-04-30T22:05:30 EDT" duration-ms="8" status="PASS">
          <reporter-output>
          </reporter-output>
        </test-method> <!-- veryfirsttest -->
      </class> <!-- Test.day2 -->
      <class name="Test.day4">
        <test-method is-config="true" signature="firstclass()[pri:0, instance:Test.day4@2f112965]" started-at="2023-04-30T22:05:30 EDT" name="firstclass" finished-at="2023-04-30T22:05:30 EDT" duration-ms="0" status="PASS">
          <reporter-output>
          </reporter-output>
        </test-method> <!-- firstclass -->
        <test-method signature="LoginAPIHomeLoan()[pri:0, instance:Test.day4@2f112965]" started-at="2023-04-30T22:05:30 EDT" name="LoginAPIHomeLoan" finished-at="2023-04-30T22:05:30 EDT" duration-ms="5" status="PASS">
          <reporter-output>
          </reporter-output>
        </test-method> <!-- LoginAPIHomeLoan -->
        <test-method is-config="true" signature="everymethod()[pri:0, instance:Test.day4@2f112965]" started-at="2023-04-30T22:05:30 EDT" name="everymethod" finished-at="2023-04-30T22:05:30 EDT" duration-ms="1" status="PASS">
          <reporter-output>
          </reporter-output>
        </test-method> <!-- everymethod -->
        <test-method signature="WebloginHomeLoan()[pri:0, instance:Test.day4@2f112965]" started-at="2023-04-30T22:05:30 EDT" name="WebloginHomeLoan" finished-at="2023-04-30T22:05:30 EDT" duration-ms="2" status="PASS">
          <reporter-output>
          </reporter-output>
        </test-method> <!-- WebloginHomeLoan -->
        <test-method is-config="true" signature="everymethod()[pri:0, instance:Test.day4@2f112965]" started-at="2023-04-30T22:05:30 EDT" name="everymethod" finished-at="2023-04-30T22:05:30 EDT" duration-ms="1" status="PASS">
          <reporter-output>
          </reporter-output>
        </test-method> <!-- everymethod -->
      </class> <!-- Test.day4 -->
    </test> <!-- Car Loan -->
    <test started-at="2023-04-30T22:05:30 EDT" name="Personal loan" finished-at="2023-04-30T22:05:31 EDT" duration-ms="49">
      <class name="Test.day3">
        <test-method is-config="true" signature="everymethod()[pri:0, instance:Test.day3@7995092a]" started-at="2023-04-30T22:05:30 EDT" name="everymethod" finished-at="2023-04-30T22:05:30 EDT" duration-ms="0" status="PASS">
          <reporter-output>
          </reporter-output>
        </test-method> <!-- everymethod -->
        <test-method signature="MobileLogincarLoan(java.lang.String)[pri:0, instance:Test.day3@7995092a]" started-at="2023-04-30T22:05:30 EDT" name="MobileLogincarLoan" finished-at="2023-04-30T22:05:30 EDT" duration-ms="1" status="PASS">
          <params>
            <param index="0">
              <value>
                <![CDATA[https://www.Avenza.ca]]>
              </value>
            </param>
          </params>
          <reporter-output>
          </reporter-output>
        </test-method> <!-- MobileLogincarLoan -->
        <test-method signature="WeblogincarLoan()[pri:0, instance:Test.day3@7995092a]" started-at="2023-04-30T22:05:30 EDT" name="WeblogincarLoan" finished-at="2023-04-30T22:05:30 EDT" duration-ms="3" status="FAIL">
          <exception class="java.lang.AssertionError">
            <message>
              <![CDATA[expected [true] but found [false]]]>
            </message>
            <full-stacktrace>
              <![CDATA[java.lang.AssertionError: expected [true] but found [false]
at org.testng.Assert.fail(Assert.java:99)
at org.testng.Assert.failNotEquals(Assert.java:1037)
at org.testng.Assert.assertTrue(Assert.java:45)
at org.testng.Assert.assertTrue(Assert.java:55)
at Test.day3.WeblogincarLoan(day3.java:17)
at java.base/jdk.internal.reflect.NativeMethodAccessorImpl.invoke0(Native Method)
at java.base/jdk.internal.reflect.NativeMethodAccessorImpl.invoke(NativeMethodAccessorImpl.java:77)
at java.base/jdk.internal.reflect.DelegatingMethodAccessorImpl.invoke(DelegatingMethodAccessorImpl.java:43)
at java.base/java.lang.reflect.Method.invoke(Method.java:568)
at org.testng.internal.MethodInvocationHelper.invokeMethod(MethodInvocationHelper.java:133)
at org.testng.internal.TestInvoker.invokeMethod(TestInvoker.java:598)
at org.testng.internal.TestInvoker.invokeTestMethod(TestInvoker.java:173)
at org.testng.internal.MethodRunner.runInSequence(MethodRunner.java:46)
at org.testng.internal.TestInvoker$MethodInvocationAgent.invoke(TestInvoker.java:824)
at org.testng.internal.TestInvoker.invokeTestMethods(TestInvoker.java:146)
at org.testng.internal.TestMethodWorker.invokeTestMethods(TestMethodWorker.java:146)
at org.testng.internal.TestMethodWorker.run(TestMethodWorker.java:128)
at java.base/java.util.ArrayList.forEach(ArrayList.java:1511)
at org.testng.TestRunner.privateRun(TestRunner.java:794)
at org.testng.TestRunner.run(TestRunner.java:596)
at org.testng.SuiteRunner.runTest(SuiteRunner.java:377)
at org.testng.SuiteRunner.access$000(SuiteRunner.java:28)
at org.testng.SuiteRunner$SuiteWorker.run(SuiteRunner.java:418)
at org.testng.internal.thread.ThreadUtil.lambda$execute$0(ThreadUtil.java:64)
at java.base/java.util.concurrent.FutureTask.run(FutureTask.java:264)
at java.base/java.util.concurrent.ThreadPoolExecutor.runWorker(ThreadPoolExecutor.java:1136)
at java.base/java.util.concurrent.ThreadPoolExecutor$Worker.run(ThreadPoolExecutor.java:635)
at java.base/java.lang.Thread.run(Thread.java:833)
]]>
            </full-stacktrace>
          </exception> <!-- java.lang.AssertionError -->
          <reporter-output>
          </reporter-output>
        </test-method> <!-- WeblogincarLoan -->
        <test-method is-config="true" signature="everymethod()[pri:0, instance:Test.day3@7995092a]" started-at="2023-04-30T22:05:30 EDT" name="everymethod" finished-at="2023-04-30T22:05:30 EDT" duration-ms="0" status="PASS">
          <reporter-output>
          </reporter-output>
        </test-method> <!-- everymethod -->
        <test-method is-config="true" signature="everymethod()[pri:0, instance:Test.day3@7995092a]" started-at="2023-04-30T22:05:30 EDT" name="everymethod" finished-at="2023-04-30T22:05:30 EDT" duration-ms="0" status="PASS">
          <reporter-output>
          </reporter-output>
        </test-method> <!-- everymethod -->
        <test-method signature="LoginAPIcarLoan()[pri:0, instance:Test.day3@7995092a]" started-at="2023-04-30T22:05:30 EDT" name="LoginAPIcarLoan" finished-at="2023-04-30T22:05:30 EDT" depends-on-methods="Test.day3.MobileLogincarLoan" duration-ms="2" status="PASS">
          <reporter-output>
          </reporter-output>
        </test-method> <!-- LoginAPIcarLoan -->
        <test-method is-config="true" signature="firstclass()[pri:0, instance:Test.day3@7995092a]" started-at="2023-04-30T22:05:31 EDT" name="firstclass" finished-at="2023-04-30T22:05:31 EDT" duration-ms="0" status="PASS">
          <reporter-output>
          </reporter-output>
        </test-method> <!-- firstclass -->
        <test-method is-config="true" signature="lastTest()[pri:0, instance:Test.day3@7995092a]" started-at="2023-04-30T22:05:31 EDT" name="lastTest" finished-at="2023-04-30T22:05:31 EDT" duration-ms="0" status="PASS">
          <reporter-output>
          </reporter-output>
        </test-method> <!-- lastTest -->
      </class> <!-- Test.day3 -->
      <class name="Test.Day1">
        <test-method signature="priyank2(java.lang.String,java.lang.String)[pri:0, instance:Test.Day1@5906ebcb]" started-at="2023-04-30T22:05:30 EDT" name="priyank2" finished-at="2023-04-30T22:05:30 EDT" duration-ms="7" status="PASS">
          <params>
            <param index="0">
              <value>
                <![CDATA[https://www.google.ca]]>
              </value>
            </param>
            <param index="1">
              <value>
                <![CDATA[54321]]>
              </value>
            </param>
          </params>
          <reporter-output>
          </reporter-output>
        </test-method> <!-- priyank2 -->
      </class> <!-- Test.Day1 -->
      <class name="Test.day2">
        <test-method is-config="true" signature="firstexecute()[pri:0, instance:Test.day2@6a01e23]" started-at="2023-04-30T22:05:30 EDT" name="firstexecute" finished-at="2023-04-30T22:05:30 EDT" duration-ms="1" status="PASS">
          <reporter-output>
          </reporter-output>
        </test-method> <!-- firstexecute -->
        <test-method signature="test2()[pri:0, instance:Test.day2@6a01e23]" started-at="2023-04-30T22:05:30 EDT" name="test2" finished-at="2023-04-30T22:05:30 EDT" duration-ms="3" status="PASS">
          <reporter-output>
          </reporter-output>
        </test-method> <!-- test2 -->
      </class> <!-- Test.day2 -->
    </test> <!-- Personal loan -->
  </suite> <!-- Loan Department -->
</testng-results>
